<?xml version="1.0" encoding="utf-8"?><testsuites name="pytest tests"><testsuite name="pytest" errors="0" failures="0" skipped="0" tests="19" time="6.275" timestamp="2026-08-08T14:41:32.928801+00:00" hostname="agent-env-f0dac3ac-045a-4f0d-b0d0-d42c8a3dfe82"><testcase classname="tests.test_iter3_auth_roles" name="test_login_superadmin_shape" time="1.190" /><testcase classname="tests.test_iter3_auth_roles" name="test_login_wrong_password" time="0.336" /><testcase classname="tests.test_iter3_auth_roles" name="test_admin_me" time="0.140" /><testcase classname="tests.test_iter3_auth_roles" name="test_checkin_role_forbidden_users" time="0.138" /><testcase classname="tests.test_iter3_auth_roles" name="test_checkin_role_forbidden_orders" time="0.096" /><testcase classname="tests.test_iter3_auth_roles" name="test_checkin_role_allowed_participants" time="0.103" /><testcase classname="tests.test_iter3_auth_roles" name="test_admin_role_forbidden_users" time="0.097" /><testcase classname="tests.test_iter3_auth_roles" name="test_superadmin_users_ok" time="0.096" /><testcase classname="tests.test_iter3_auth_roles" name="test_no_token_401" time="0.135" /><testcase classname="tests.test_iter3_auth_roles" name="test_user_create_and_delete" time="0.992" /><testcase classname="tests.test_iter3_auth_roles" name="test_user_create_duplicate" time="0.107" /><testcase classname="tests.test_iter3_auth_roles" name="test_admin_cannot_create_user" time="0.098" /><testcase classname="tests.test_iter3_auth_roles" name="test_logs_accessible_by_staff" time="0.202" /><testcase classname="tests.test_iter3_auth_roles" name="test_logs_forbidden_checkin" time="0.103" /><testcase classname="tests.test_iter3_auth_roles" name="test_logs_records_user_actions" time="0.578" /><testcase classname="tests.test_iter3_auth_roles" name="test_event_active_session_is_1_when_not_full" time="0.096" /><testcase classname="tests.test_iter3_auth_roles" name="test_delete_order_flow" time="0.640" /><testcase classname="tests.test_iter3_auth_roles" name="test_delete_order_forbidden_checkin" time="0.116" /><testcase classname="tests.test_iter3_auth_roles" name="test_lookup_masks_name_and_no_seats" time="0.520" /></testsuite></testsuites>