<?xml version="1.0" encoding="utf-8"?><testsuites name="pytest tests"><testsuite name="pytest" errors="0" failures="0" skipped="0" tests="6" time="2.858" timestamp="2026-08-15T02:37:44.313056+00:00" hostname="agent-env-f0dac3ac-045a-4f0d-b0d0-d42c8a3dfe82"><testcase classname="tests.test_iter15_phone_normalize" name="test_phone_norm_starts_with_8" time="0.649" /><testcase classname="tests.test_iter15_phone_normalize" name="test_phone_norm_starts_with_62" time="0.210" /><testcase classname="tests.test_iter15_phone_normalize" name="test_phone_invalid_400" time="0.096" /><testcase classname="tests.test_iter15_phone_normalize" name="test_super_edit_phone" time="0.500" /><testcase classname="tests.test_iter15_phone_normalize" name="test_non_super_edit_phone_403" time="0.603" /><testcase classname="tests.test_iter15_phone_normalize" name="test_verify_activity_logged" time="0.750" /></testsuite></testsuites>