<?xml version="1.0" encoding="utf-8"?><testsuites name="pytest tests"><testsuite name="pytest" errors="0" failures="0" skipped="0" tests="11" time="6.158" timestamp="2026-08-14T09:31:07.045335+00:00" hostname="agent-env-f0dac3ac-045a-4f0d-b0d0-d42c8a3dfe82"><testcase classname="tests.test_iter9_sessions_walkin_bendahara" name="test_event_returns_exactly_4_sessions_with_new_times" time="1.512" /><testcase classname="tests.test_iter9_sessions_walkin_bendahara" name="test_walkin_gating_closed_returns_400" time="0.260" /><testcase classname="tests.test_iter9_sessions_walkin_bendahara" name="test_walkin_missing_location_returns_400" time="0.215" /><testcase classname="tests.test_iter9_sessions_walkin_bendahara" name="test_walkin_qris_missing_proof_returns_400" time="0.280" /><testcase classname="tests.test_iter9_sessions_walkin_bendahara" name="test_walkin_cash_success" time="0.242" /><testcase classname="tests.test_iter9_sessions_walkin_bendahara" name="test_walkin_qris_with_proof_success" time="0.239" /><testcase classname="tests.test_iter9_sessions_walkin_bendahara" name="test_walkin_transfer_with_proof_success" time="0.266" /><testcase classname="tests.test_iter9_sessions_walkin_bendahara" name="test_bendahara_forbidden_for_checkin" time="0.165" /><testcase classname="tests.test_iter9_sessions_walkin_bendahara" name="test_bendahara_allowed_for_super_and_admin" time="0.292" /><testcase classname="tests.test_iter9_sessions_walkin_bendahara" name="test_bendahara_totals_and_breakdown" time="0.152" /><testcase classname="tests.test_iter9_sessions_walkin_bendahara" name="test_bendahara_excludes_soft_deleted" time="2.035" /></testsuite></testsuites>