<?xml version="1.0" encoding="utf-8"?><testsuites name="pytest tests"><testsuite name="pytest" errors="0" failures="0" skipped="0" tests="9" time="4.784" timestamp="2026-08-14T15:07:49.255984+00:00" hostname="agent-env-f0dac3ac-045a-4f0d-b0d0-d42c8a3dfe82"><testcase classname="tests.test_iter11_toggle_vip.TestSessionToggle" name="test_toggle_public_open_close_session1" time="0.975" /><testcase classname="tests.test_iter11_toggle_vip.TestSessionToggle" name="test_toggle_walkin_session3" time="0.579" /><testcase classname="tests.test_iter11_toggle_vip.TestSessionToggle" name="test_toggle_forbidden_for_admin" time="0.570" /><testcase classname="tests.test_iter11_toggle_vip.TestVIP" name="test_vip_missing_name" time="0.141" /><testcase classname="tests.test_iter11_toggle_vip.TestVIP" name="test_vip_missing_seats" time="0.151" /><testcase classname="tests.test_iter11_toggle_vip.TestVIP" name="test_vip_operator_seat_rejected" time="0.141" /><testcase classname="tests.test_iter11_toggle_vip.TestVIP" name="test_vip_create_success" time="0.276" /><testcase classname="tests.test_iter11_toggle_vip" name="test_bendahara_still_works" time="0.149" /><testcase classname="tests.test_iter11_toggle_vip" name="test_cleanup" time="1.754" /></testsuite></testsuites>