<?xml version="1.0" encoding="utf-8"?><testsuites name="pytest tests"><testsuite name="pytest" errors="0" failures="1" skipped="0" tests="8" time="4.335" timestamp="2026-08-14T09:08:18.395855+00:00" hostname="agent-env-f0dac3ac-045a-4f0d-b0d0-d42c8a3dfe82"><testcase classname="tests.test_iter8_walkin_trash_perm" name="test_event_exposes_walkin_open_flag" time="0.282" /><testcase classname="tests.test_iter8_walkin_trash_perm" name="test_toggle_public_vs_walkin_are_independent" time="1.094" /><testcase classname="tests.test_iter8_walkin_trash_perm" name="test_walkin_requires_walkin_open" time="0.312" /><testcase classname="tests.test_iter8_walkin_trash_perm" name="test_walkin_success_when_walkin_open" time="1.036" /><testcase classname="tests.test_iter8_walkin_trash_perm" name="test_deleted_list_forbidden_for_non_super" time="0.460" /><testcase classname="tests.test_iter8_walkin_trash_perm" name="test_restore_forbidden_for_non_super" time="0.120" /><testcase classname="tests.test_iter8_walkin_trash_perm" name="test_can_delete_permission_flow" time="0.291"><failure message="AssertionError: {&quot;detail&quot;:&quot;Kursi M5 tidak valid&quot;}&#10;assert 400 == 200&#10; +  where 400 = &lt;Response [400]&gt;.status_code">backend/tests/test_iter8_walkin_trash_perm.py:148: in test_can_delete_permission_flow
    assert r.status_code == 200, r.text
E   AssertionError: {"detail":"Kursi M5 tidak valid"}
E   assert 400 == 200
E    +  where 400 = &lt;Response [400]&gt;.status_code</failure></testcase><testcase classname="tests.test_iter8_walkin_trash_perm" name="test_final_restore_state" time="0.213" /></testsuite></testsuites>