<?xml version="1.0" encoding="utf-8"?><testsuites name="pytest tests"><testsuite name="pytest" errors="0" failures="0" skipped="0" tests="7" time="1.768" timestamp="2026-08-14T06:57:29.835173+00:00" hostname="agent-env-f0dac3ac-045a-4f0d-b0d0-d42c8a3dfe82"><testcase classname="tests.test_seatmap_couples.TestWalkin" name="test_walkin_single_couple_rejected" time="0.711" /><testcase classname="tests.test_seatmap_couples.TestOrderValidation" name="test_single_couple_seat_rejected" time="0.804" /><testcase classname="tests.test_seatmap_couples.TestWalkin" name="test_walkin_couple_pair_success" time="0.132" /><testcase classname="tests.test_seatmap_couples.TestOrderValidation" name="test_reserved_seat_rejected" time="0.101" /><testcase classname="tests.test_seatmap_couples.TestSeats" name="test_seat_map_structure" time="0.350" /><testcase classname="tests.test_seatmap_couples.TestOrderValidation" name="test_invalid_k9_rejected" time="0.098" /><testcase classname="tests.test_seatmap_couples.TestOrderValidation" name="test_couple_pair_plus_regular_success" time="0.251" /></testsuite></testsuites>