<?xml version="1.0" encoding="utf-8"?><testsuites name="pytest tests"><testsuite name="pytest" errors="0" failures="0" skipped="0" tests="9" time="4.691" timestamp="2026-08-14T07:45:09.425278+00:00" hostname="agent-env-f0dac3ac-045a-4f0d-b0d0-d42c8a3dfe82"><testcase classname="tests.test_iter7_donation_sessions" name="test_event_has_5_sessions_donation_reference" time="0.297" /><testcase classname="tests.test_iter7_donation_sessions" name="test_toggle_session_requires_superadmin" time="0.940" /><testcase classname="tests.test_iter7_donation_sessions" name="test_toggle_session_superadmin_open_close_and_log" time="0.856" /><testcase classname="tests.test_iter7_donation_sessions" name="test_order_rejected_when_session_closed" time="0.194" /><testcase classname="tests.test_iter7_donation_sessions" name="test_order_rejected_when_amount_zero_or_missing" time="0.377" /><testcase classname="tests.test_iter7_donation_sessions" name="test_order_success_with_free_amount" time="0.362" /><testcase classname="tests.test_iter7_donation_sessions" name="test_walkin_requires_amount_and_releases_lock" time="0.330" /><testcase classname="tests.test_iter7_donation_sessions" name="test_walkin_qris_adds_unique_code_on_closed_session" time="0.218" /><testcase classname="tests.test_iter7_donation_sessions" name="test_cleanup_and_reset_sessions" time="1.046" /></testsuite></testsuites>