<?xml version="1.0" encoding="utf-8"?><testsuites name="pytest tests"><testsuite name="pytest" errors="0" failures="0" skipped="0" tests="7" time="3.301" timestamp="2026-08-15T02:55:33.118919+00:00" hostname="agent-env-f0dac3ac-045a-4f0d-b0d0-d42c8a3dfe82"><testcase classname="tests.test_iter16_cookie_auth" name="test_login_sets_httponly_cookie" time="0.347" /><testcase classname="tests.test_iter16_cookie_auth" name="test_me_and_stats_with_cookie_only" time="0.411" /><testcase classname="tests.test_iter16_cookie_auth" name="test_logout_clears_cookie_and_401" time="0.449" /><testcase classname="tests.test_iter16_cookie_auth" name="test_header_fallback_still_works" time="0.455" /><testcase classname="tests.test_iter16_cookie_auth" name="test_no_credentials_returns_401" time="0.091" /><testcase classname="tests.test_iter16_cookie_auth" name="test_walkin_and_checkin_role_login" time="0.682" /><testcase classname="tests.test_iter16_cookie_auth" name="test_regression_admin_endpoints_via_cookie" time="0.564" /></testsuite></testsuites>