<?xml version="1.0" encoding="utf-8"?><testsuites name="pytest tests"><testsuite name="pytest" errors="0" failures="0" skipped="0" tests="14" time="5.859" timestamp="2026-08-14T09:52:22.134768+00:00" hostname="agent-env-f0dac3ac-045a-4f0d-b0d0-d42c8a3dfe82"><testcase classname="tests.test_iter10_bendahara_sessions" name="test_event_has_exactly_4_sessions_new_times" time="0.334" /><testcase classname="tests.test_iter10_bendahara_sessions" name="test_bendahara_permissions" time="1.959" /><testcase classname="tests.test_iter10_bendahara_sessions" name="test_bendahara_structure" time="0.114" /><testcase classname="tests.test_iter10_bendahara_sessions" name="test_bendahara_includes_umum_and_panitia_channels" time="0.245" /><testcase classname="tests.test_iter10_bendahara_sessions" name="test_bendahara_export_xlsx" time="0.132" /><testcase classname="tests.test_iter10_bendahara_sessions" name="test_bendahara_export_denied_for_checkin" time="0.099" /><testcase classname="tests.test_iter10_bendahara_sessions" name="test_walkin_requires_location_cash" time="0.290" /><testcase classname="tests.test_iter10_bendahara_sessions" name="test_walkin_qris_requires_proof" time="0.262" /><testcase classname="tests.test_iter10_bendahara_sessions" name="test_walkin_cash_with_location_success" time="0.229" /><testcase classname="tests.test_iter10_bendahara_sessions" name="test_walkin_qris_with_proof_success" time="0.274" /><testcase classname="tests.test_iter10_bendahara_sessions" name="test_walkin_included_in_bendahara" time="0.430" /><testcase classname="tests.test_iter10_bendahara_sessions" name="test_chelyn_can_soft_delete_and_super_restore" time="0.499" /><testcase classname="tests.test_iter10_bendahara_sessions" name="test_soft_deleted_not_in_bendahara" time="0.375" /><testcase classname="tests.test_iter10_bendahara_sessions" name="test_zzz_cleanup" time="0.410" /></testsuite></testsuites>