<?xml version="1.0" encoding="utf-8"?><testsuites name="pytest tests"><testsuite name="pytest" errors="0" failures="0" skipped="0" tests="24" time="6.296" timestamp="2026-08-15T01:56:09.453633+00:00" hostname="agent-env-f0dac3ac-045a-4f0d-b0d0-d42c8a3dfe82"><testcase classname="tests.test_iter13_manual_editonce_participants.TestOrderManual" name="test_create_unpaid_by_chelyn" time="1.549" /><testcase classname="tests.test_iter13_manual_editonce_participants.TestOrderManual" name="test_unpaid_not_in_bendahara" time="0.119" /><testcase classname="tests.test_iter13_manual_editonce_participants.TestOrderManual" name="test_seats_locked" time="0.144" /><testcase classname="tests.test_iter13_manual_editonce_participants.TestOrderManual" name="test_list_manual_includes" time="0.115" /><testcase classname="tests.test_iter13_manual_editonce_participants.TestOrderManual" name="test_update_to_paid_uses_transfer_amount" time="0.100" /><testcase classname="tests.test_iter13_manual_editonce_participants.TestOrderManual" name="test_paid_counted_in_bendahara" time="0.106" /><testcase classname="tests.test_iter13_manual_editonce_participants.TestOrderManual" name="test_participants_includes_manual_with_channel" time="0.105" /><testcase classname="tests.test_iter13_manual_editonce_participants.TestOrderManual" name="test_seller_forbidden_manual" time="0.603" /><testcase classname="tests.test_iter13_manual_editonce_participants.TestOrderManual" name="test_checkin_forbidden_manual" time="0.110" /><testcase classname="tests.test_iter13_manual_editonce_participants.TestOrderManual" name="test_unlimited_seats_allowed" time="0.219" /><testcase classname="tests.test_iter13_manual_editonce_participants.TestOrderManual" name="test_delete_by_admin_no_perm_forbidden" time="0.098" /><testcase classname="tests.test_iter13_manual_editonce_participants.TestOrderManual" name="test_delete_by_chelyn_ok_soft_deletes" time="0.286" /><testcase classname="tests.test_iter13_manual_editonce_participants.TestMasterlistExport" name="test_export_manual_ok" time="0.098" /><testcase classname="tests.test_iter13_manual_editonce_participants.TestMasterlistExport" name="test_export_vip_ok" time="0.098" /><testcase classname="tests.test_iter13_manual_editonce_participants.TestMasterlistExport" name="test_export_umum_ok" time="0.107" /><testcase classname="tests.test_iter13_manual_editonce_participants.TestMasterlistExport" name="test_export_invalid_type" time="0.096" /><testcase classname="tests.test_iter13_manual_editonce_participants.TestEditOnce" name="test_setup_verified_order" time="0.313" /><testcase classname="tests.test_iter13_manual_editonce_participants.TestEditOnce" name="test_admin_can_set_amount_once" time="0.100" /><testcase classname="tests.test_iter13_manual_editonce_participants.TestEditOnce" name="test_admin_second_edit_blocked" time="0.095" /><testcase classname="tests.test_iter13_manual_editonce_participants.TestEditOnce" name="test_superadmin_unlimited" time="0.348" /><testcase classname="tests.test_iter13_manual_editonce_participants.TestEditOnce" name="test_verify_with_adjustment_does_not_consume_flag" time="0.478" /><testcase classname="tests.test_iter13_manual_editonce_participants.TestEditOnce" name="test_cleanup" time="0.194" /><testcase classname="tests.test_iter13_manual_editonce_participants.TestRegression" name="test_event" time="0.106" /><testcase classname="tests.test_iter13_manual_editonce_participants.TestRegression" name="test_duplicate_seat_409" time="0.622" /></testsuite></testsuites>