<?xml version="1.0" encoding="utf-8"?><testsuites name="pytest tests"><testsuite name="pytest" errors="0" failures="0" skipped="0" tests="9" time="4.199" timestamp="2026-08-21T16:36:10.154652+00:00" hostname="agent-env-f0dac3ac-045a-4f0d-b0d0-d42c8a3dfe82"><testcase classname="tests.test_iter22_preorder.TestPreorderUnpaid" name="test_create_unpaid_and_verify_persistence" time="1.118" /><testcase classname="tests.test_iter22_preorder.TestPreorderPaid" name="test_create_paid" time="1.471" /><testcase classname="tests.test_iter22_preorder.TestPreorderUnpaid" name="test_reject_invalid_seat_and_missing_name" time="0.189" /><testcase classname="tests.test_iter22_preorder.TestPreorderUnpaid" name="test_requires_auth" time="0.263" /><testcase classname="tests.test_iter22_preorder.TestPreorderPaid" name="test_paid_requires_amount" time="0.543" /><testcase classname="tests.test_iter22_preorder.TestWalkinRegression" name="test_walkin_cash_autocheckin" time="0.910" /><testcase classname="tests.test_iter22_preorder.TestBuyerDanaAndVerify" name="test_full_flow" time="1.454" /><testcase classname="tests.test_iter22_preorder" name="test_cleanup_no_zztest_left" time="0.443" /><testcase classname="tests.test_iter22_preorder.TestBuyerDanaAndVerify" name="test_preorder_pay_rejects_non_preorder" time="0.379" /></testsuite></testsuites>