<?xml version="1.0" encoding="utf-8"?><testsuites name="pytest tests"><testsuite name="pytest" errors="0" failures="0" skipped="0" tests="4" time="1.914" timestamp="2026-08-17T13:13:31.310560+00:00" hostname="agent-env-f0dac3ac-045a-4f0d-b0d0-d42c8a3dfe82"><testcase classname="tests.test_iter18_manual_eticket" name="test_create_manual_without_amount_or_paid" time="1.097" /><testcase classname="tests.test_iter18_manual_eticket" name="test_seats_are_held" time="0.126" /><testcase classname="tests.test_iter18_manual_eticket" name="test_update_paid_with_transfer_amount" time="0.140" /><testcase classname="tests.test_iter18_manual_eticket" name="test_delete_releases_seat" time="0.503" /></testsuite></testsuites>