<?xml version="1.0" encoding="utf-8"?><testsuites name="pytest tests"><testsuite name="pytest" errors="0" failures="0" skipped="0" tests="18" time="3.910" timestamp="2026-08-15T01:14:40.442159+00:00" hostname="agent-env-f0dac3ac-045a-4f0d-b0d0-d42c8a3dfe82"><testcase classname="tests.test_iter12_seller_export_users.TestUserUpdate" name="test_update_name_and_role" time="1.662" /><testcase classname="tests.test_iter12_seller_export_users.TestSellerRole" name="test_seller_login_ok" time="1.556" /><testcase classname="tests.test_iter12_seller_export_users.TestSellerRole" name="test_seller_walkin_allowed" time="0.149" /><testcase classname="tests.test_iter12_seller_export_users.TestUserUpdate" name="test_name_too_short_400" time="0.102" /><testcase classname="tests.test_iter12_seller_export_users.TestSellerRole" name="test_seller_blocked_get[/admin/stats]" time="0.108" /><testcase classname="tests.test_iter12_seller_export_users.TestUserUpdate" name="test_cannot_demote_self" time="0.258" /><testcase classname="tests.test_iter12_seller_export_users.TestSellerRole" name="test_seller_blocked_get[/admin/bendahara]" time="0.156" /><testcase classname="tests.test_iter12_seller_export_users.TestSellerRole" name="test_seller_blocked_get[/admin/users]" time="0.100" /><testcase classname="tests.test_iter12_seller_export_users.TestUserUpdate" name="test_cannot_demote_last_super" time="0.217" /><testcase classname="tests.test_iter12_seller_export_users.TestSellerRole" name="test_seller_blocked_export" time="0.216" /><testcase classname="tests.test_iter12_seller_export_users.TestMasterlistExport" name="test_export_umum_xlsx" time="0.115" /><testcase classname="tests.test_iter12_seller_export_users.TestBookingRegression" name="test_event_and_seats" time="0.263" /><testcase classname="tests.test_iter12_seller_export_users.TestMasterlistExport" name="test_export_vip_xlsx" time="0.110" /><testcase classname="tests.test_iter12_seller_export_users.TestMasterlistExport" name="test_export_invalid_type" time="0.118" /><testcase classname="tests.test_iter12_seller_export_users.TestActivityLogs" name="test_login_creates_log" time="0.435" /><testcase classname="tests.test_iter12_seller_export_users.TestBookingRegression" name="test_seat_conflict_409" time="0.465" /><testcase classname="tests.test_iter12_seller_export_users.TestBookingRegression" name="test_bendahara" time="0.455" /><testcase classname="tests.test_iter12_seller_export_users.TestActivityLogs" name="test_logout_creates_log" time="0.528" /></testsuite></testsuites>