<?xml version="1.0" encoding="utf-8"?><testsuites name="pytest tests"><testsuite name="pytest" errors="0" failures="0" skipped="0" tests="21" time="3.722" timestamp="2026-08-05T08:26:54.099957+00:00" hostname="agent-env-f0dac3ac-045a-4f0d-b0d0-d42c8a3dfe82"><testcase classname="tests.backend_test" name="test_admin_login_wrong" time="0.293" /><testcase classname="tests.backend_test" name="test_admin_login_right" time="0.070" /><testcase classname="tests.backend_test" name="test_admin_protected_requires_header" time="0.076" /><testcase classname="tests.backend_test" name="test_set_active_session_1" time="0.268" /><testcase classname="tests.backend_test" name="test_event" time="0.073" /><testcase classname="tests.backend_test" name="test_seats_session1_rowA_available_rowB_locked" time="0.074" /><testcase classname="tests.backend_test" name="test_seats_invalid_session" time="0.072" /><testcase classname="tests.backend_test" name="test_order_created" time="0.149" /><testcase classname="tests.backend_test" name="test_locked_session_cannot_book" time="0.143" /><testcase classname="tests.backend_test" name="test_double_booking_returns_409" time="0.072" /><testcase classname="tests.backend_test" name="test_locked_seat_returns_400" time="0.077" /><testcase classname="tests.backend_test" name="test_get_order" time="0.075" /><testcase classname="tests.backend_test" name="test_upload_proof_sets_waiting" time="0.079" /><testcase classname="tests.backend_test" name="test_upload_proof_non_image_400" time="0.071" /><testcase classname="tests.backend_test" name="test_admin_orders_lists" time="0.152" /><testcase classname="tests.backend_test" name="test_admin_stats" time="0.202" /><testcase classname="tests.backend_test" name="test_admin_verify" time="0.166" /><testcase classname="tests.backend_test" name="test_admin_reject_frees_seat" time="0.376" /><testcase classname="tests.backend_test" name="test_admin_checkin" time="0.160" /><testcase classname="tests.backend_test" name="test_admin_set_active_session" time="0.386" /><testcase classname="tests.backend_test" name="test_admin_set_active_session_invalid" time="0.144" /></testsuite></testsuites>