<?xml version="1.0" encoding="utf-8"?><testsuites name="pytest tests"><testsuite name="pytest" errors="0" failures="0" skipped="0" tests="20" time="3.617" timestamp="2026-08-05T08:38:16.304232+00:00" hostname="agent-env-f0dac3ac-045a-4f0d-b0d0-d42c8a3dfe82"><testcase classname="tests.backend_test" name="test_admin_login_wrong" time="0.358" /><testcase classname="tests.backend_test" name="test_admin_login_right" time="0.071" /><testcase classname="tests.backend_test" name="test_admin_protected_requires_header" time="0.075" /><testcase classname="tests.backend_test" name="test_reset_active_to_1" time="0.272" /><testcase classname="tests.backend_test" name="test_event" time="0.072" /><testcase classname="tests.backend_test" name="test_seats_no_locked_status" time="0.074" /><testcase classname="tests.backend_test" name="test_seats_invalid_session" time="0.069" /><testcase classname="tests.backend_test" name="test_can_book_non_front_row_seat_directly" time="0.149" /><testcase classname="tests.backend_test" name="test_order_created" time="0.141" /><testcase classname="tests.backend_test" name="test_locked_session_cannot_book" time="0.146" /><testcase classname="tests.backend_test" name="test_double_booking_returns_409" time="0.071" /><testcase classname="tests.backend_test" name="test_get_order" time="0.071" /><testcase classname="tests.backend_test" name="test_upload_proof_response_has_session_and_transfer" time="0.071" /><testcase classname="tests.backend_test" name="test_upload_proof_non_image_400" time="0.072" /><testcase classname="tests.backend_test" name="test_admin_orders_lists" time="0.137" /><testcase classname="tests.backend_test" name="test_admin_stats" time="0.151" /><testcase classname="tests.backend_test" name="test_admin_verify" time="0.170" /><testcase classname="tests.backend_test" name="test_admin_checkin_sets_checked_in" time="0.384" /><testcase classname="tests.backend_test" name="test_admin_reject_frees_seat" time="0.368" /><testcase classname="tests.backend_test" name="test_admin_set_active_session_invalid" time="0.168" /></testsuite></testsuites>