<?xml version="1.0" encoding="utf-8"?><testsuites name="pytest tests"><testsuite name="pytest" errors="0" failures="0" skipped="0" tests="28" time="5.189" timestamp="2026-08-22T02:58:45.556011+00:00" hostname="agent-env-f0dac3ac-045a-4f0d-b0d0-d42c8a3dfe82"><testcase classname="tests.test_iter26_manual_preorder_unique.TestManualOrder" name="test_manual_unpaid" time="0.649" /><testcase classname="tests.test_iter26_manual_preorder_unique.TestPreorder" name="test_preorder_unpaid" time="0.715" /><testcase classname="tests.test_iter26_manual_preorder_unique.TestManualOrder" name="test_manual_cash_no_unique_code" time="0.145" /><testcase classname="tests.test_iter26_manual_preorder_unique.TestPreorder" name="test_preorder_transfer_unique_code" time="0.160" /><testcase classname="tests.test_iter26_manual_preorder_unique.TestManualOrder" name="test_manual_transfer_unique_code_persisted" time="0.183" /><testcase classname="tests.test_iter26_manual_preorder_unique.TestPreorder" name="test_preorder_cash_no_code" time="0.111" /><testcase classname="tests.test_iter26_manual_preorder_unique.TestManualOrder" name="test_manual_qris" time="0.248" /><testcase classname="tests.test_iter26_manual_preorder_unique.TestPreorder" name="test_preorder_paid_without_amount_rejected" time="0.057" /><testcase classname="tests.test_iter26_manual_preorder_unique.TestPreorder" name="test_preorder_bad_proof_format" time="0.360" /><testcase classname="tests.test_iter26_manual_preorder_unique.TestManualOrder" name="test_manual_invalid_seat" time="0.089" /><testcase classname="tests.test_iter26_manual_preorder_unique.TestManualOrder" name="test_manual_empty_name" time="0.048" /><testcase classname="tests.test_iter26_manual_preorder_unique.TestAuthSecurity" name="test_manual_requires_auth" time="0.122" /><testcase classname="tests.test_iter26_auth_hardening" name="test_login_sets_httponly_cookie" time="0.345" /><testcase classname="tests.test_iter26_manual_preorder_unique.TestAuthSecurity" name="test_preorder_requires_auth" time="0.261" /><testcase classname="tests.test_iter26_manual_preorder_unique.TestAuthSecurity" name="test_login_bad_password" time="0.541" /><testcase classname="tests.test_iter26_auth_hardening" name="test_cookie_only_auth_works" time="0.370" /><testcase classname="tests.test_iter26_auth_hardening" name="test_bcrypt_hash_format_in_db" time="0.081" /><testcase classname="tests.test_iter26_auth_hardening" name="test_bruteforce_lockout" time="1.392" /><testcase classname="tests.test_iter22_preorder.TestPreorderUnpaid" name="test_create_unpaid_and_verify_persistence" time="0.600" /><testcase classname="tests.test_iter22_preorder.TestPreorderUnpaid" name="test_reject_invalid_seat_and_missing_name" time="0.099" /><testcase classname="tests.test_iter22_preorder.TestPreorderUnpaid" name="test_requires_auth" time="0.203" /><testcase classname="tests.test_iter22_preorder.TestBuyerDanaAndVerify" name="test_full_flow" time="0.921" /><testcase classname="tests.test_iter22_preorder.TestPreorderPaid" name="test_create_paid" time="0.470" /><testcase classname="tests.test_iter22_preorder.TestPreorderPaid" name="test_paid_requires_amount" time="0.100" /><testcase classname="tests.test_iter22_preorder.TestBuyerDanaAndVerify" name="test_preorder_pay_rejects_non_preorder" time="0.148" /><testcase classname="tests.test_iter22_preorder.TestWalkinRegression" name="test_walkin_cash_autocheckin" time="0.486" /><testcase classname="tests.test_iter26_manual_preorder_unique.TestBendaharaIncludesPreorder" name="test_stats_ok" time="0.431" /><testcase classname="tests.test_iter22_preorder" name="test_cleanup_no_zztest_left" time="0.185" /></testsuite></testsuites>